13/Nov/2018:12:59:39  - START - Запущен скрипт
13/Nov/2018:12:59:39  - STOP - Остановлен скрипт
13/Nov/2018:13:00:06  - START - Запущен скрипт
13/Nov/2018:13:00:06  - STOP - Остановлен скрипт
13/Nov/2018:13:00:42  - START - Запущен скрипт
13/Nov/2018:13:00:42  - STOP - Остановлен скрипт
13/Nov/2018:13:00:58  - START - Запущен скрипт
13/Nov/2018:13:00:58  - STOP - Остановлен скрипт
13/Nov/2018:13:03:40  - START - Запущен скрипт
13/Nov/2018:13:03:40  - STOP - Остановлен скрипт
13/Nov/2018:16:11:10  - START - Запущен скрипт
13/Nov/2018:16:11:10  - STOP - Остановлен скрипт
13/Nov/2018:23:03:02  - START - Запущен скрипт
13/Nov/2018:23:03:02  - STOP - Остановлен скрипт
13/Nov/2018:23:03:21  - START - Запущен скрипт
13/Nov/2018:23:03:21  - STOP - Остановлен скрипт
13/Nov/2018:23:07:30  - START - Запущен скрипт
13/Nov/2018:23:07:30  - STOP - Остановлен скрипт
13/Nov/2018:23:09:58  - START - Запущен скрипт
13/Nov/2018:23:09:58  - STOP - Остановлен скрипт
13/Nov/2018:23:10:18  - START - Запущен скрипт
13/Nov/2018:23:10:18  - STOP - Остановлен скрипт
13/Nov/2018:23:10:42  - START - Запущен скрипт
13/Nov/2018:23:10:42  - STOP - Остановлен скрипт
13/Nov/2018:23:11:36  - START - Запущен скрипт
13/Nov/2018:23:11:36  - STOP - Остановлен скрипт
13/Nov/2018:23:13:52  - START - Запущен скрипт
13/Nov/2018:23:13:52  - STOP - Остановлен скрипт
13/Nov/2018:23:17:18  - START - Запущен скрипт
13/Nov/2018:23:17:18  - STOP - Остановлен скрипт
13/Nov/2018:23:18:03  - START - Запущен скрипт
13/Nov/2018:23:18:03  - STOP - Остановлен скрипт
 - START - Запущен скрипт
 - STOP - Остановлен скрипт
 - START - Запущен скрипт
 - STOP - Остановлен скрипт
13 Nov 2018 23:22:54  - START - Запущен скрипт
13 Nov 2018 23:22:54  - STOP - Остановлен скрипт
13 Nov 2018 23:24:45  - START - Запущен скрипт
13 Nov 2018 23:24:45  - STOP - Остановлен скрипт
13 Nov 2018 23:25:02  - START - Запущен скрипт
13 Nov 2018 23:25:02  - STOP - Остановлен скрипт
13 Nov 2018 23:27:35  - START - Запущен скрипт
13 Nov 2018 23:27:35  - STOP - Остановлен скрипт
13 Nov 2018 23:28:14  - START - Запущен скрипт
13 Nov 2018 23:28:14  - STOP - Остановлен скрипт
13 Nov 2018 23:29:06  - START - Запущен скрипт
13 Nov 2018 23:29:06  - STOP - Остановлен скрипт
13 Nov 2018 23:30:24  - START - Запущен скрипт
13 Nov 2018 23:30:24  - STOP - Остановлен скрипт
13 Nov 2018 23:37:19  - START - Запущен скрипт
13 Nov 2018 23:37:19  - STOP - Остановлен скрипт
13 Nov 2018 23:37:56  - START - Запущен скрипт
13 Nov 2018 23:37:56  - STOP - Остановлен скрипт
